09:18:14:908  INFO 24068 --- [main] com.hmall.HMallApplication               : Starting HMallApplication using Java 11.0.23 on MyLaptop with PID 24068 (C:\Users\kendr\OneDrive\Desktop\Programming\hmall\hm-service\target\classes started by kendr in C:\Users\kendr\OneDrive\Desktop\Programming\hmall)
09:18:14:916 DEBUG 24068 --- [main] com.hmall.HMallApplication               : Running with Spring Boot v2.7.12, Spring v5.3.27
09:18:14:918  INFO 24068 --- [main] com.hmall.HMallApplication               : The following 1 profile is active: "local"
09:18:16:906  INFO 24068 --- [main] .s.d.r.c.RepositoryConfigurationDelegate : Multiple Spring Data modules found, entering strict repository configuration mode
09:18:16:909  INFO 24068 --- [main] .s.d.r.c.RepositoryConfigurationDelegate : Bootstrapping Spring Data Redis repositories in DEFAULT mode.
09:18:16:945  INFO 24068 --- [main] .s.d.r.c.RepositoryConfigurationDelegate : Finished Spring Data repository scanning in 15 ms. Found 0 Redis repository interfaces.
09:18:17:480  INFO 24068 --- [main] o.s.b.w.embedded.tomcat.TomcatWebServer  : Tomcat initialized with port(s): 8080 (http)
09:18:17:491  INFO 24068 --- [main] o.apache.catalina.core.StandardService   : Starting service [Tomcat]
09:18:17:491  INFO 24068 --- [main] org.apache.catalina.core.StandardEngine  : Starting Servlet engine: [Apache Tomcat/9.0.75]
09:18:17:652  INFO 24068 --- [main] o.a.c.c.C.[Tomcat].[localhost].[/]       : Initializing Spring embedded WebApplicationContext
09:18:17:652  INFO 24068 --- [main] w.s.c.ServletWebServerApplicationContext : Root WebApplicationContext: initialization completed in 2667 ms
09:18:19:587  INFO 24068 --- [main] pertySourcedRequestMappingHandlerMapping : Mapped URL path [/v2/api-docs] onto method [springfox.documentation.swagger2.web.Swagger2ControllerWebMvc#getDocumentation(String, HttpServletRequest)]
09:18:20:009  WARN 24068 --- [main] ConfigServletWebServerApplicationContext : Exception encountered during context initialization - cancelling refresh attempt: org.springframework.context.ApplicationContextException: Failed to start bean 'webServerStartStop'; nested exception is org.springframework.boot.web.server.PortInUseException: Port 8080 is already in use
09:18:20:034  INFO 24068 --- [main] o.apache.catalina.core.StandardService   : Stopping service [Tomcat]
09:18:20:046  INFO 24068 --- [main] ConditionEvaluationReportLoggingListener : 

Error starting ApplicationContext. To display the conditions report re-run your application with 'debug' enabled.
09:18:20:065 ERROR 24068 --- [main] o.s.b.d.LoggingFailureAnalysisReporter   : 

***************************
APPLICATION FAILED TO START
***************************

Description:

Web server failed to start. Port 8080 was already in use.

Action:

Identify and stop the process that's listening on port 8080 or configure this application to listen on another port.

