08:48:41:701  INFO 22768 --- [main] com.hmall.trade.TradeApplication         : Starting TradeApplication using Java 11.0.23 on MyLaptop with PID 22768 (C:\Users\kendr\OneDrive\Desktop\Programming\hmall\trade-service\target\classes started by kendr in C:\Users\kendr\OneDrive\Desktop\Programming\hmall)
08:48:41:707 DEBUG 22768 --- [main] com.hmall.trade.TradeApplication         : Running with Spring Boot v2.7.12, Spring v5.3.27
08:48:41:707  INFO 22768 --- [main] com.hmall.trade.TradeApplication         : The following 1 profile is active: "local"
08:48:42:791  INFO 22768 --- [main] o.s.cloud.context.scope.GenericScope     : BeanFactory id=083f2a09-9ea1-3dd6-8ad5-a2f1fcd328f7
08:48:43:074  INFO 22768 --- [main] o.s.b.w.embedded.tomcat.TomcatWebServer  : Tomcat initialized with port(s): 8085 (http)
08:48:43:082  INFO 22768 --- [main] o.apache.catalina.core.StandardService   : Starting service [Tomcat]
08:48:43:082  INFO 22768 --- [main] org.apache.catalina.core.StandardEngine  : Starting Servlet engine: [Apache Tomcat/9.0.75]
08:48:43:190  INFO 22768 --- [main] o.a.c.c.C.[Tomcat].[localhost].[/]       : Initializing Spring embedded WebApplicationContext
08:48:43:190  INFO 22768 --- [main] w.s.c.ServletWebServerApplicationContext : Root WebApplicationContext: initialization completed in 1434 ms
08:48:43:390  INFO 22768 --- [main] o.s.c.openfeign.FeignClientFactoryBean   : For 'item-service' URL not provided. Will try picking an instance via load-balancing.
08:48:44:368  INFO 22768 --- [main] o.s.c.openfeign.FeignClientFactoryBean   : For 'cart-service' URL not provided. Will try picking an instance via load-balancing.
08:48:46:062  INFO 22768 --- [main] o.s.cloud.commons.util.InetUtils         : Cannot determine local hostname
08:48:46:088  INFO 22768 --- [main] pertySourcedRequestMappingHandlerMapping : Mapped URL path [/v2/api-docs] onto method [springfox.documentation.swagger2.web.Swagger2ControllerWebMvc#getDocumentation(String, HttpServletRequest)]
08:48:47:389  INFO 22768 --- [main] o.s.cloud.commons.util.InetUtils         : Cannot determine local hostname
08:48:47:529  INFO 22768 --- [main] com.alibaba.nacos.common.remote.client   : [RpcClientFactory] create a new rpc client of 8ff3e62c-411a-453f-9b47-99218b080cad
08:48:47:563  INFO 22768 --- [main] org.reflections.Reflections              : Reflections took 21 ms to scan 1 urls, producing 3 keys and 6 values 
08:48:47:584  INFO 22768 --- [main] org.reflections.Reflections              : Reflections took 8 ms to scan 1 urls, producing 4 keys and 9 values 
08:48:47:599  INFO 22768 --- [main] org.reflections.Reflections              : Reflections took 12 ms to scan 1 urls, producing 3 keys and 10 values 
08:48:47:602  WARN 22768 --- [main] org.reflections.Reflections              : given scan urls are empty. set urls in the configuration
08:48:47:614  INFO 22768 --- [main] org.reflections.Reflections              : Reflections took 11 ms to scan 1 urls, producing 1 keys and 5 values 
08:48:47:628  INFO 22768 --- [main] org.reflections.Reflections              : Reflections took 11 ms to scan 1 urls, producing 1 keys and 7 values 
08:48:47:639  INFO 22768 --- [main] org.reflections.Reflections              : Reflections took 6 ms to scan 1 urls, producing 2 keys and 8 values 
08:48:47:642  WARN 22768 --- [main] org.reflections.Reflections              : given scan urls are empty. set urls in the configuration
08:48:47:643  INFO 22768 --- [main] com.alibaba.nacos.common.remote.client   : [8ff3e62c-411a-453f-9b47-99218b080cad] RpcClient init label, labels = {module=naming, source=sdk}
08:48:47:645  INFO 22768 --- [main] com.alibaba.nacos.common.remote.client   : [8ff3e62c-411a-453f-9b47-99218b080cad] RpcClient init, ServerListFactory = com.alibaba.nacos.client.naming.core.ServerListManager
08:48:47:645  INFO 22768 --- [main] com.alibaba.nacos.common.remote.client   : [8ff3e62c-411a-453f-9b47-99218b080cad] Registry connection listener to current client:com.alibaba.nacos.client.naming.remote.gprc.redo.NamingGrpcRedoService
08:48:47:645  INFO 22768 --- [main] com.alibaba.nacos.common.remote.client   : [8ff3e62c-411a-453f-9b47-99218b080cad] Register server push request handler:com.alibaba.nacos.client.naming.remote.gprc.NamingPushRequestHandler
08:48:47:647  INFO 22768 --- [main] com.alibaba.nacos.common.remote.client   : [8ff3e62c-411a-453f-9b47-99218b080cad] Try to connect to server on start up, server: {serverIp = '192.168.186.128', server main port = 8848}
08:48:48:971  INFO 22768 --- [main] com.alibaba.nacos.common.remote.client   : [8ff3e62c-411a-453f-9b47-99218b080cad] Success to connect to server [192.168.186.128:8848] on start up, connectionId = 1717085616626_192.168.186.1_62286
08:48:48:972  INFO 22768 --- [com.alibaba.nacos.client.remote.worker] com.alibaba.nacos.common.remote.client   : [8ff3e62c-411a-453f-9b47-99218b080cad] Notify connected event to listeners.
08:48:48:973  INFO 22768 --- [main] com.alibaba.nacos.common.remote.client   : [8ff3e62c-411a-453f-9b47-99218b080cad] Register server push request handler:com.alibaba.nacos.common.remote.client.RpcClient$ConnectResetRequestHandler
08:48:48:974  INFO 22768 --- [main] com.alibaba.nacos.common.remote.client   : [8ff3e62c-411a-453f-9b47-99218b080cad] Register server push request handler:com.alibaba.nacos.common.remote.client.RpcClient$$Lambda$974/0x00000008006dd440
08:48:49:044  INFO 22768 --- [main] o.s.b.w.embedded.tomcat.TomcatWebServer  : Tomcat started on port(s): 8085 (http) with context path ''
08:48:49:056  INFO 22768 --- [main] c.a.c.n.registry.NacosServiceRegistry    : nacos registry, DEFAULT_GROUP trade-service 192.168.56.1:8085 register finished
08:48:49:491  INFO 22768 --- [nacos-grpc-client-executor-9] com.alibaba.nacos.common.remote.client   : [8ff3e62c-411a-453f-9b47-99218b080cad] Receive server push request, request = NotifySubscriberRequest, requestId = 183
08:48:49:502  INFO 22768 --- [nacos-grpc-client-executor-9] com.alibaba.nacos.common.remote.client   : [8ff3e62c-411a-453f-9b47-99218b080cad] Ack server push request, request = NotifySubscriberRequest, requestId = 183
08:48:50:342  INFO 22768 --- [main] o.s.cloud.commons.util.InetUtils         : Cannot determine local hostname
08:48:50:342  INFO 22768 --- [main] d.s.w.p.DocumentationPluginsBootstrapper : Documentation plugins bootstrapped
08:48:50:346  INFO 22768 --- [main] d.s.w.p.DocumentationPluginsBootstrapper : Found 1 custom documentation plugin(s)
08:48:50:366  INFO 22768 --- [main] s.d.s.w.s.ApiListingReferenceScanner     : Scanning for api listing references
08:48:50:441  INFO 22768 --- [main] com.hmall.trade.TradeApplication         : Started TradeApplication in 10.832 seconds (JVM running for 12.023)
08:52:16:176  WARN 22768 --- [Thread-4] c.a.nacos.common.notify.NotifyCenter     : [NotifyCenter] Start destroying Publisher
08:52:16:176  WARN 22768 --- [Thread-4] c.a.nacos.common.notify.NotifyCenter     : [NotifyCenter] Destruction of the end
08:52:16:176  WARN 22768 --- [Thread-7] c.a.n.common.http.HttpClientBeanHolder   : [HttpClientBeanHolder] Start destroying common HttpClient
08:52:16:177  WARN 22768 --- [Thread-7] c.a.n.common.http.HttpClientBeanHolder   : [HttpClientBeanHolder] Destruction of the end
08:52:16:566  INFO 22768 --- [SpringApplicationShutdownHook] c.a.c.n.registry.NacosServiceRegistry    : De-registering from Nacos Server now...
08:52:16:570  INFO 22768 --- [SpringApplicationShutdownHook] c.a.c.n.registry.NacosServiceRegistry    : De-registration finished.
08:52:16:880  INFO 22768 --- [SpringApplicationShutdownHook] com.alibaba.nacos.common.remote.client   : Shutdown rpc client, set status to shutdown
08:52:16:880  INFO 22768 --- [SpringApplicationShutdownHook] com.alibaba.nacos.common.remote.client   : Shutdown client event executor java.util.concurrent.ScheduledThreadPoolExecutor@7f704856[Running, pool size = 2, active threads = 2, queued tasks = 0, completed tasks = 0]
08:52:16:881  INFO 22768 --- [SpringApplicationShutdownHook] com.alibaba.nacos.common.remote.client   : Close current connection 1717085616626_192.168.186.1_62286
08:52:16:883  INFO 22768 --- [nacos-grpc-client-executor-61] c.a.n.c.remote.client.grpc.GrpcClient    : [1717085616626_192.168.186.1_62286]Ignore complete event,isRunning:false,isAbandon=false
08:52:16:886  INFO 22768 --- [SpringApplicationShutdownHook] c.a.n.c.remote.client.grpc.GrpcClient    : Shutdown grpc executor java.util.concurrent.ThreadPoolExecutor@14cf45ef[Running, pool size = 5, active threads = 0, queued tasks = 0, completed tasks = 62]
09:17:48:378  INFO 2052 --- [main] com.hmall.trade.TradeApplication         : Starting TradeApplication using Java 11.0.23 on MyLaptop with PID 2052 (C:\Users\kendr\OneDrive\Desktop\Programming\hmall\trade-service\target\classes started by kendr in C:\Users\kendr\OneDrive\Desktop\Programming\hmall)
09:17:48:382 DEBUG 2052 --- [main] com.hmall.trade.TradeApplication         : Running with Spring Boot v2.7.12, Spring v5.3.27
09:17:48:383  INFO 2052 --- [main] com.hmall.trade.TradeApplication         : The following 1 profile is active: "local"
09:17:50:151  INFO 2052 --- [main] o.s.cloud.context.scope.GenericScope     : BeanFactory id=083f2a09-9ea1-3dd6-8ad5-a2f1fcd328f7
09:17:50:687  INFO 2052 --- [main] o.s.b.w.embedded.tomcat.TomcatWebServer  : Tomcat initialized with port(s): 8085 (http)
09:17:50:699  INFO 2052 --- [main] o.apache.catalina.core.StandardService   : Starting service [Tomcat]
09:17:50:700  INFO 2052 --- [main] org.apache.catalina.core.StandardEngine  : Starting Servlet engine: [Apache Tomcat/9.0.75]
09:17:50:873  INFO 2052 --- [main] o.a.c.c.C.[Tomcat].[localhost].[/]       : Initializing Spring embedded WebApplicationContext
09:17:50:873  INFO 2052 --- [main] w.s.c.ServletWebServerApplicationContext : Root WebApplicationContext: initialization completed in 2414 ms
09:17:51:154  INFO 2052 --- [main] o.s.c.openfeign.FeignClientFactoryBean   : For 'item-service' URL not provided. Will try picking an instance via load-balancing.
09:17:53:201  INFO 2052 --- [main] o.s.c.openfeign.FeignClientFactoryBean   : For 'cart-service' URL not provided. Will try picking an instance via load-balancing.
09:17:54:405  INFO 2052 --- [main] pertySourcedRequestMappingHandlerMapping : Mapped URL path [/v2/api-docs] onto method [springfox.documentation.swagger2.web.Swagger2ControllerWebMvc#getDocumentation(String, HttpServletRequest)]
09:17:55:173  INFO 2052 --- [main] com.alibaba.nacos.common.remote.client   : [RpcClientFactory] create a new rpc client of 2e25ef59-df36-49fa-881a-8eea7b78fd8e
09:17:55:234  INFO 2052 --- [main] org.reflections.Reflections              : Reflections took 32 ms to scan 1 urls, producing 3 keys and 6 values 
09:17:55:268  INFO 2052 --- [main] org.reflections.Reflections              : Reflections took 14 ms to scan 1 urls, producing 4 keys and 9 values 
09:17:55:287  INFO 2052 --- [main] org.reflections.Reflections              : Reflections took 15 ms to scan 1 urls, producing 3 keys and 10 values 
09:17:55:291  WARN 2052 --- [main] org.reflections.Reflections              : given scan urls are empty. set urls in the configuration
09:17:55:300  INFO 2052 --- [main] org.reflections.Reflections              : Reflections took 8 ms to scan 1 urls, producing 1 keys and 5 values 
09:17:55:317  INFO 2052 --- [main] org.reflections.Reflections              : Reflections took 14 ms to scan 1 urls, producing 1 keys and 7 values 
09:17:55:333  INFO 2052 --- [main] org.reflections.Reflections              : Reflections took 12 ms to scan 1 urls, producing 2 keys and 8 values 
09:17:55:337  WARN 2052 --- [main] org.reflections.Reflections              : given scan urls are empty. set urls in the configuration
09:17:55:338  INFO 2052 --- [main] com.alibaba.nacos.common.remote.client   : [2e25ef59-df36-49fa-881a-8eea7b78fd8e] RpcClient init label, labels = {module=naming, source=sdk}
09:17:55:342  INFO 2052 --- [main] com.alibaba.nacos.common.remote.client   : [2e25ef59-df36-49fa-881a-8eea7b78fd8e] RpcClient init, ServerListFactory = com.alibaba.nacos.client.naming.core.ServerListManager
09:17:55:342  INFO 2052 --- [main] com.alibaba.nacos.common.remote.client   : [2e25ef59-df36-49fa-881a-8eea7b78fd8e] Registry connection listener to current client:com.alibaba.nacos.client.naming.remote.gprc.redo.NamingGrpcRedoService
09:17:55:343  INFO 2052 --- [main] com.alibaba.nacos.common.remote.client   : [2e25ef59-df36-49fa-881a-8eea7b78fd8e] Register server push request handler:com.alibaba.nacos.client.naming.remote.gprc.NamingPushRequestHandler
09:17:55:345  INFO 2052 --- [main] com.alibaba.nacos.common.remote.client   : [2e25ef59-df36-49fa-881a-8eea7b78fd8e] Try to connect to server on start up, server: {serverIp = '192.168.186.128', server main port = 8848}
09:17:57:204  INFO 2052 --- [main] com.alibaba.nacos.common.remote.client   : [2e25ef59-df36-49fa-881a-8eea7b78fd8e] Success to connect to server [192.168.186.128:8848] on start up, connectionId = 1717087510527_192.168.186.1_64428
09:17:57:206  INFO 2052 --- [com.alibaba.nacos.client.remote.worker] com.alibaba.nacos.common.remote.client   : [2e25ef59-df36-49fa-881a-8eea7b78fd8e] Notify connected event to listeners.
09:17:57:207  INFO 2052 --- [main] com.alibaba.nacos.common.remote.client   : [2e25ef59-df36-49fa-881a-8eea7b78fd8e] Register server push request handler:com.alibaba.nacos.common.remote.client.RpcClient$ConnectResetRequestHandler
09:17:57:208  INFO 2052 --- [main] com.alibaba.nacos.common.remote.client   : [2e25ef59-df36-49fa-881a-8eea7b78fd8e] Register server push request handler:com.alibaba.nacos.common.remote.client.RpcClient$$Lambda$974/0x00000008006dd440
09:17:57:289  INFO 2052 --- [main] o.s.b.w.embedded.tomcat.TomcatWebServer  : Tomcat started on port(s): 8085 (http) with context path ''
09:17:57:302  INFO 2052 --- [main] c.a.c.n.registry.NacosServiceRegistry    : nacos registry, DEFAULT_GROUP trade-service 192.168.56.1:8085 register finished
09:17:57:771  INFO 2052 --- [nacos-grpc-client-executor-9] com.alibaba.nacos.common.remote.client   : [2e25ef59-df36-49fa-881a-8eea7b78fd8e] Receive server push request, request = NotifySubscriberRequest, requestId = 194
09:17:57:784  INFO 2052 --- [nacos-grpc-client-executor-9] com.alibaba.nacos.common.remote.client   : [2e25ef59-df36-49fa-881a-8eea7b78fd8e] Ack server push request, request = NotifySubscriberRequest, requestId = 194
09:17:57:843  INFO 2052 --- [main] d.s.w.p.DocumentationPluginsBootstrapper : Documentation plugins bootstrapped
09:17:57:848  INFO 2052 --- [main] d.s.w.p.DocumentationPluginsBootstrapper : Found 1 custom documentation plugin(s)
09:17:57:868  INFO 2052 --- [main] s.d.s.w.s.ApiListingReferenceScanner     : Scanning for api listing references
09:17:57:967  INFO 2052 --- [main] com.hmall.trade.TradeApplication         : Started TradeApplication in 11.07 seconds (JVM running for 12.104)
09:19:24:564  WARN 2052 --- [Thread-4] c.a.nacos.common.notify.NotifyCenter     : [NotifyCenter] Start destroying Publisher
09:19:24:564  WARN 2052 --- [Thread-7] c.a.n.common.http.HttpClientBeanHolder   : [HttpClientBeanHolder] Start destroying common HttpClient
09:19:24:564  WARN 2052 --- [Thread-4] c.a.nacos.common.notify.NotifyCenter     : [NotifyCenter] Destruction of the end
09:19:24:565  WARN 2052 --- [Thread-7] c.a.n.common.http.HttpClientBeanHolder   : [HttpClientBeanHolder] Destruction of the end
09:19:25:132  INFO 2052 --- [SpringApplicationShutdownHook] c.a.c.n.registry.NacosServiceRegistry    : De-registering from Nacos Server now...
09:19:25:137  INFO 2052 --- [SpringApplicationShutdownHook] c.a.c.n.registry.NacosServiceRegistry    : De-registration finished.
09:19:25:452  INFO 2052 --- [SpringApplicationShutdownHook] com.alibaba.nacos.common.remote.client   : Shutdown rpc client, set status to shutdown
09:19:25:452  INFO 2052 --- [SpringApplicationShutdownHook] com.alibaba.nacos.common.remote.client   : Shutdown client event executor java.util.concurrent.ScheduledThreadPoolExecutor@49558dbc[Running, pool size = 2, active threads = 2, queued tasks = 0, completed tasks = 0]
09:19:25:454  INFO 2052 --- [SpringApplicationShutdownHook] com.alibaba.nacos.common.remote.client   : Close current connection 1717087510527_192.168.186.1_64428
09:19:25:471  INFO 2052 --- [SpringApplicationShutdownHook] c.a.n.c.remote.client.grpc.GrpcClient    : Shutdown grpc executor java.util.concurrent.ThreadPoolExecutor@65fc8835[Running, pool size = 4, active threads = 1, queued tasks = 0, completed tasks = 32]
09:19:25:473  INFO 2052 --- [nacos-grpc-client-executor-32] c.a.n.c.remote.client.grpc.GrpcClient    : [1717087510527_192.168.186.1_64428]Ignore complete event,isRunning:false,isAbandon=false
